--------------------------------------------------------------------------------
Release 14.7 Trace  (nt64)
Copyright (c) 1995-2013 Xilinx, Inc.  All rights reserved.

C:\Xilinx\14.7\ISE_DS\ISE\bin\nt64\unwrapped\trce.exe -intstyle ise -v 3 -s 3
-n 3 -fastpaths -xml PongGame2018fall_JJS_JJS.twx PongGame2018fall_JJS_JJS.ncd
-o PongGame2018fall_JJS_JJS.twr PongGame2018fall_JJS_JJS.pcf

Design file:              PongGame2018fall_JJS_JJS.ncd
Physical constraint file: PongGame2018fall_JJS_JJS.pcf
Device,package,speed:     xc6slx16,csg324,C,-3 (PRODUCTION 1.23 2013-10-13)
Report level:             verbose report

Environment Variable      Effect 
--------------------      ------ 
NONE                      No environment variables were set
--------------------------------------------------------------------------------

INFO:Timing:2698 - No timing constraints found, doing default enumeration.
INFO:Timing:3412 - To improve timing, see the Timing Closure User Guide (UG612).
INFO:Timing:2752 - To get complete path coverage, use the unconstrained paths 
   option. All paths that are not constrained will be reported in the 
   unconstrained paths section(s) of the report.
INFO:Timing:3339 - The clock-to-out numbers in this timing report are based on 
   a 50 Ohm transmission line loading model.  For the details of this model, 
   and for more information on accounting for different loading conditions, 
   please see the device datasheet.



Data Sheet report:
-----------------
All values displayed in nanoseconds (ns)

Setup/Hold to clock Clock
------------+------------+------------+------------+------------+------------------+--------+
            |Max Setup to|  Process   |Max Hold to |  Process   |                  | Clock  |
Source      | clk (edge) |   Corner   | clk (edge) |   Corner   |Internal Clock(s) | Phase  |
------------+------------+------------+------------+------------+------------------+--------+
Reset       |    6.510(R)|      SLOW  |   -0.190(R)|      SLOW  |Clock_BUFGP       |   0.000|
rota        |    0.683(R)|      FAST  |   -0.068(R)|      SLOW  |Clock_BUFGP       |   0.000|
rotb        |    0.840(R)|      FAST  |   -0.268(R)|      SLOW  |Clock_BUFGP       |   0.000|
------------+------------+------------+------------+------------+------------------+--------+

Clock Clock to Pad
------------+-----------------+------------+-----------------+------------+------------------+--------+
            |Max (slowest) clk|  Process   |Min (fastest) clk|  Process   |                  | Clock  |
Destination |  (edge) to PAD  |   Corner   |  (edge) to PAD  |   Corner   |Internal Clock(s) | Phase  |
------------+-----------------+------------+-----------------+------------+------------------+--------+
blue<0>     |        15.393(R)|      SLOW  |         6.018(R)|      FAST  |Clock_BUFGP       |   0.000|
blue<1>     |        15.469(R)|      SLOW  |         6.079(R)|      FAST  |Clock_BUFGP       |   0.000|
blue<2>     |        17.426(R)|      SLOW  |         5.621(R)|      FAST  |Clock_BUFGP       |   0.000|
blue<3>     |        14.141(R)|      SLOW  |         5.014(R)|      FAST  |Clock_BUFGP       |   0.000|
green<1>    |        16.885(R)|      SLOW  |         6.173(R)|      FAST  |Clock_BUFGP       |   0.000|
green<3>    |        17.431(R)|      SLOW  |         5.173(R)|      FAST  |Clock_BUFGP       |   0.000|
hsync       |        11.435(R)|      SLOW  |         5.500(R)|      FAST  |Clock_BUFGP       |   0.000|
red<1>      |        17.303(R)|      SLOW  |         6.451(R)|      FAST  |Clock_BUFGP       |   0.000|
red<3>      |        13.324(R)|      SLOW  |         4.831(R)|      FAST  |Clock_BUFGP       |   0.000|
vsync       |        10.131(R)|      SLOW  |         5.068(R)|      FAST  |Clock_BUFGP       |   0.000|
------------+-----------------+------------+-----------------+------------+------------------+--------+

Clock to Setup on destination clock Clock
---------------+---------+---------+---------+---------+
               | Src:Rise| Src:Fall| Src:Rise| Src:Fall|
Source Clock   |Dest:Rise|Dest:Rise|Dest:Fall|Dest:Fall|
---------------+---------+---------+---------+---------+
Clock          |    6.120|         |         |         |
---------------+---------+---------+---------+---------+


Analysis completed Thu Nov 01 20:35:12 2018 
--------------------------------------------------------------------------------

Trace Settings:
-------------------------
Trace Settings 

Peak Memory Usage: 4576 MB



