ISim log file
Running: C:\Users\pakanalk\OneDrive - Rose-Hulman Institute of Technology\Class Files\jr_fall\ECE433\Lab7\ECE433_Advanced_Digital_Design_Verilog\Lab7Lee\lab7phase1overall_isim_beh.exe -intstyle ise -gui -tclbatch isim.cmd -wdb C:/Users/pakanalk/OneDrive - Rose-Hulman Institute of Technology/Class Files/jr_fall/ECE433/Lab7/ECE433_Advanced_Digital_Design_Verilog/Lab7Lee/lab7phase1overall_isim_beh.wdb 
ISim P.20131013 (signature 0x7708f090)
----------------------------------------------------------------------
WARNING:Security:42 - Your software subscription period has lapsed. Your current version of Xilinx tools will continue to function, but you no longer qualify for Xilinx software updates or new releases.


----------------------------------------------------------------------
This is a Full version of ISim.
Time resolution is 1 ps
# onerror resume
# wave add /
# run 1000 ns
Simulator is doing circuit initialization process.
Finished circuit initialization process.
Stopped at time : 600 ns :  in File "C:/Users/pakanalk/OneDrive - Rose-Hulman Institute of Technology/Class Files/jr_fall/ECE433/Lab7/ECE433_Advanced_Digital_Design_Verilog/Source Files/lab7phase1overall2018fall_tb.v" Line 24 
# run 100.00us
# run 10.00us
# run 10.00us
# run 10.00us
# run 10.00us
# run 10.00us
ISim P.20131013 (signature 0x7708f090)
----------------------------------------------------------------------
WARNING:Security:42 - Your software subscription period has lapsed. Your current version of Xilinx tools will continue to function, but you no longer qualify for Xilinx software updates or new releases.


----------------------------------------------------------------------
This is a Full version of ISim.
# run 1000 ns
Simulator is doing circuit initialization process.
Finished circuit initialization process.
Stopped at time : 600 ns :  in File "C:/Users/pakanalk/OneDrive - Rose-Hulman Institute of Technology/Class Files/jr_fall/ECE433/Lab7/ECE433_Advanced_Digital_Design_Verilog/Source Files/lab7phase1overall2018fall_tb.v" Line 24 
# run 110.00us
ISim P.20131013 (signature 0x7708f090)
----------------------------------------------------------------------
WARNING:Security:42 - Your software subscription period has lapsed. Your current version of Xilinx tools will continue to function, but you no longer qualify for Xilinx software updates or new releases.


----------------------------------------------------------------------
This is a Full version of ISim.
# run 1000 ns
Simulator is doing circuit initialization process.
Finished circuit initialization process.
Stopped at time : 120 ns :  in File "C:/Users/pakanalk/OneDrive - Rose-Hulman Institute of Technology/Class Files/jr_fall/ECE433/Lab7/ECE433_Advanced_Digital_Design_Verilog/Source Files/lab7phase1overall2018fall_tb.v" Line 24 
ISim P.20131013 (signature 0x7708f090)
----------------------------------------------------------------------
WARNING:Security:42 - Your software subscription period has lapsed. Your current version of Xilinx tools will continue to function, but you no longer qualify for Xilinx software updates or new releases.


----------------------------------------------------------------------
This is a Full version of ISim.
# run 1000 ns
Simulator is doing circuit initialization process.
Finished circuit initialization process.
# restart
# run 110.00us
Simulator is doing circuit initialization process.
Finished circuit initialization process.
ISim P.20131013 (signature 0x7708f090)
----------------------------------------------------------------------
WARNING:Security:42 - Your software subscription period has lapsed. Your current version of Xilinx tools will continue to function, but you no longer qualify for Xilinx software updates or new releases.


----------------------------------------------------------------------
This is a Full version of ISim.
# run 1000 ns
Simulator is doing circuit initialization process.
Finished circuit initialization process.
# run all
Stopped at time : 120 us :  in File "C:/Users/pakanalk/OneDrive - Rose-Hulman Institute of Technology/Class Files/jr_fall/ECE433/Lab7/ECE433_Advanced_Digital_Design_Verilog/Source Files/lab7phase1overall2018fall_tb.v" Line 24 
# run 110.00us
# run 110.00us
# run 110.00us
# restart
# run all
Simulator is doing circuit initialization process.
Finished circuit initialization process.
Stopped at time : 120 us :  in File "C:/Users/pakanalk/OneDrive - Rose-Hulman Institute of Technology/Class Files/jr_fall/ECE433/Lab7/ECE433_Advanced_Digital_Design_Verilog/Source Files/lab7phase1overall2018fall_tb.v" Line 24 
# run all
Stopped at time : 68449270 ns : File "C:/Users/pakanalk/OneDrive - Rose-Hulman Institute of Technology/Class Files/jr_fall/ECE433/Lab7/ECE433_Advanced_Digital_Design_Verilog/Source Files/lab7phase1overall2018fall_tb.v" Line 20
# restart
# run all
Simulator is doing circuit initialization process.
Finished circuit initialization process.
Stopped at time : 120 us :  in File "C:/Users/pakanalk/OneDrive - Rose-Hulman Institute of Technology/Class Files/jr_fall/ECE433/Lab7/ECE433_Advanced_Digital_Design_Verilog/Source Files/lab7phase1overall2018fall_tb.v" Line 24 
# run all
Stopped at time : 19422650 ns : File "C:/Users/pakanalk/OneDrive - Rose-Hulman Institute of Technology/Class Files/jr_fall/ECE433/Lab7/ECE433_Advanced_Digital_Design_Verilog/Source Files/lab7phase1overall2018fall_tb.v" Line 20
# restart
# run all
Simulator is doing circuit initialization process.
Finished circuit initialization process.
Stopped at time : 120 us :  in File "C:/Users/pakanalk/OneDrive - Rose-Hulman Institute of Technology/Class Files/jr_fall/ECE433/Lab7/ECE433_Advanced_Digital_Design_Verilog/Source Files/lab7phase1overall2018fall_tb.v" Line 24 
# run 110.00us
# run 110.00us
# run 110.00us
# run 110.00us
ISim P.20131013 (signature 0x7708f090)
----------------------------------------------------------------------
WARNING:Security:42 - Your software subscription period has lapsed. Your current version of Xilinx tools will continue to function, but you no longer qualify for Xilinx software updates or new releases.


----------------------------------------------------------------------
This is a Full version of ISim.
# run 1000 ns
Simulator is doing circuit initialization process.
Finished circuit initialization process.
# run all
Stopped at time : 450 us :  in File "C:/Users/pakanalk/OneDrive - Rose-Hulman Institute of Technology/Class Files/jr_fall/ECE433/Lab7/ECE433_Advanced_Digital_Design_Verilog/Source Files/lab7phase1overall2018fall_tb.v" Line 24 
ISim P.20131013 (signature 0x7708f090)
----------------------------------------------------------------------
WARNING:Security:42 - Your software subscription period has lapsed. Your current version of Xilinx tools will continue to function, but you no longer qualify for Xilinx software updates or new releases.


----------------------------------------------------------------------
This is a Full version of ISim.
# run 1000 ns
Simulator is doing circuit initialization process.
Finished circuit initialization process.
# run all
Stopped at time : 450 us :  in File "C:/Users/pakanalk/OneDrive - Rose-Hulman Institute of Technology/Class Files/jr_fall/ECE433/Lab7/ECE433_Advanced_Digital_Design_Verilog/Source Files/lab7phase1overall2018fall_tb.v" Line 24 
