--------------------------------------------------------------------------------
Release 14.7 Trace  (nt64)
Copyright (c) 1995-2013 Xilinx, Inc.  All rights reserved.

C:\Xilinx\14.7\ISE_DS\ISE\bin\nt64\unwrapped\trce.exe -intstyle ise -v 3 -s 3
-n 3 -fastpaths -xml Lab7I2Cphase1fall2018MK_LP.twx
Lab7I2Cphase1fall2018MK_LP.ncd -o Lab7I2Cphase1fall2018MK_LP.twr
Lab7I2Cphase1fall2018MK_LP.pcf -ucf Lab7I2Cphase1fall2018MK_LP.ucf

Design file:              Lab7I2Cphase1fall2018MK_LP.ncd
Physical constraint file: Lab7I2Cphase1fall2018MK_LP.pcf
Device,package,speed:     xc6slx16,csg324,C,-3 (PRODUCTION 1.23 2013-10-13)
Report level:             verbose report

Environment Variable      Effect 
--------------------      ------ 
NONE                      No environment variables were set
--------------------------------------------------------------------------------

INFO:Timing:2698 - No timing constraints found, doing default enumeration.
INFO:Timing:3412 - To improve timing, see the Timing Closure User Guide (UG612).
INFO:Timing:2752 - To get complete path coverage, use the unconstrained paths 
   option. All paths that are not constrained will be reported in the 
   unconstrained paths section(s) of the report.
INFO:Timing:3339 - The clock-to-out numbers in this timing report are based on 
   a 50 Ohm transmission line loading model.  For the details of this model, 
   and for more information on accounting for different loading conditions, 
   please see the device datasheet.



Data Sheet report:
-----------------
All values displayed in nanoseconds (ns)

Setup/Hold to clock clock_input
------------+------------+------------+------------+------------+------------------+--------+
            |Max Setup to|  Process   |Max Hold to |  Process   |                  | Clock  |
Source      | clk (edge) |   Corner   | clk (edge) |   Corner   |Internal Clock(s) | Phase  |
------------+------------+------------+------------+------------+------------------+--------+
Go          |    2.710(R)|      SLOW  |   -1.596(R)|      FAST  |clock_input_BUFGP |   0.000|
Reset       |    3.184(R)|      SLOW  |   -0.278(R)|      SLOW  |clock_input_BUFGP |   0.000|
SDA         |    1.338(R)|      FAST  |   -0.667(R)|      SLOW  |clock_input_BUFGP |   0.000|
------------+------------+------------+------------+------------+------------------+--------+

Clock clock_input to Pad
------------+-----------------+------------+-----------------+------------+------------------+--------+
            |Max (slowest) clk|  Process   |Min (fastest) clk|  Process   |                  | Clock  |
Destination |  (edge) to PAD  |   Corner   |  (edge) to PAD  |   Corner   |Internal Clock(s) | Phase  |
------------+-----------------+------------+-----------------+------------+------------------+--------+
SCL         |         8.621(R)|      SLOW  |         4.889(R)|      FAST  |clock_input_BUFGP |   0.000|
SDA         |         9.409(R)|      SLOW  |         5.072(R)|      FAST  |clock_input_BUFGP |   0.000|
------------+-----------------+------------+-----------------+------------+------------------+--------+

Clock to Setup on destination clock clock_input
---------------+---------+---------+---------+---------+
               | Src:Rise| Src:Fall| Src:Rise| Src:Fall|
Source Clock   |Dest:Rise|Dest:Rise|Dest:Fall|Dest:Fall|
---------------+---------+---------+---------+---------+
clock_input    |    3.440|         |         |         |
---------------+---------+---------+---------+---------+


Analysis completed Tue Oct 23 15:05:54 2018 
--------------------------------------------------------------------------------

Trace Settings:
-------------------------
Trace Settings 

Peak Memory Usage: 283 MB



